# JRE version: Java(TM) SE Runtime Environment (8.0_301-b09) (build 1.8.0_301-b09)
# Java VM: Java HotSpot(TM) 64-Bit Server VM (25.301-b09 mixed mode bsd-amd64 compressed oops)
Heap:
 PSYoungGen      total 251392K, used 108899K [0x0000000795580000, 0x00000007aa600000, 0x00000007c0000000)
  eden space 208384K, 41% used [0x0000000795580000,0x000000079a9eeed8,0x00000007a2100000)
  from space 43008K, 52% used [0x00000007a5a00000,0x00000007a6fe9e68,0x00000007a8400000)
  to   space 58368K, 0% used [0x00000007a2100000,0x00000007a2100000,0x00000007a5a00000)
 ParOldGen       total 195584K, used 107512K [0x0000000740000000, 0x000000074bf00000, 0x0000000795580000)
  object space 195584K, 54% used [0x0000000740000000,0x00000007468fe158,0x000000074bf00000)
 Metaspace       used 24019K, capacity 25168K, committed 25472K, reserved 1071104K
  class space    used 3350K, capacity 3615K, committed 3712K, reserved 1048576K
GC Heap History (10 events):
Event: 12.704 GC heap before
{Heap before GC invocations=7 (full 2):
 PSYoungGen      total 70144K, used 5091K [0x0000000795580000, 0x000000079f180000, 0x00000007c0000000)
  eden space 65024K, 0% used [0x0000000795580000,0x0000000795580000,0x0000000799500000)
  from space 5120K, 99% used [0x0000000799500000,0x00000007999f8c00,0x0000000799a00000)
  to   space 18944K, 0% used [0x000000079df00000,0x000000079df00000,0x000000079f180000)
 ParOldGen       total 75264K, used 56835K [0x0000000740000000, 0x0000000744980000, 0x0000000795580000)
  object space 75264K, 75% used [0x0000000740000000,0x0000000743780da8,0x0000000744980000)
 Metaspace       used 23928K, capacity 25096K, committed 25216K, reserved 1071104K
  class space    used 3330K, capacity 3611K, committed 3712K, reserved 1048576K
Event: 12.767 GC heap after
Heap after GC invocations=7 (full 2):
 PSYoungGen      total 70144K, used 0K [0x0000000795580000, 0x000000079f180000, 0x00000007c0000000)
  eden space 65024K, 0% used [0x0000000795580000,0x0000000795580000,0x0000000799500000)
  from space 5120K, 0% used [0x0000000799500000,0x0000000799500000,0x0000000799a00000)
  to   space 18944K, 0% used [0x000000079df00000,0x000000079df00000,0x000000079f180000)
 ParOldGen       total 107520K, used 43077K [0x0000000740000000, 0x0000000746900000, 0x0000000795580000)
  object space 107520K, 40% used [0x0000000740000000,0x0000000742a117e0,0x0000000746900000)
 Metaspace       used 23928K, capacity 25096K, committed 25216K, reserved 1071104K
  class space    used 3330K, capacity 3611K, committed 3712K, reserved 1048576K
}
Event: 13.085 GC heap before
{Heap before GC invocations=8 (full 2):
 PSYoungGen      total 70144K, used 65024K [0x0000000795580000, 0x000000079f180000, 0x00000007c0000000)
  eden space 65024K, 100% used [0x0000000795580000,0x0000000799500000,0x0000000799500000)
  from space 5120K, 0% used [0x0000000799500000,0x0000000799500000,0x0000000799a00000)
  to   space 18944K, 0% used [0x000000079df00000,0x000000079df00000,0x000000079f180000)
 ParOldGen       total 107520K, used 43077K [0x0000000740000000, 0x0000000746900000, 0x0000000795580000)
  object space 107520K, 40% used [0x0000000740000000,0x0000000742a117e0,0x0000000746900000)
 Metaspace       used 24017K, capacity 25168K, committed 25472K, reserved 1071104K
  class space    used 3348K, capacity 3615K, committed 3712K, reserved 1048576K
Event: 13.098 GC heap after
Heap after GC invocations=8 (full 2):
 PSYoungGen      total 136192K, used 18913K [0x0000000795580000, 0x000000079f880000, 0x00000007c0000000)
  eden space 117248K, 0% used [0x0000000795580000,0x0000000795580000,0x000000079c800000)
  from space 18944K, 99% used [0x000000079df00000,0x000000079f1786a8,0x000000079f180000)
  to   space 23552K, 0% used [0x000000079c800000,0x000000079c800000,0x000000079df00000)
 ParOldGen       total 107520K, used 43140K [0x0000000740000000, 0x0000000746900000, 0x0000000795580000)
  object space 107520K, 40% used [0x0000000740000000,0x0000000742a21098,0x0000000746900000)
 Metaspace       used 24017K, capacity 25168K, committed 25472K, reserved 1071104K
  class space    used 3348K, capacity 3615K, committed 3712K, reserved 1048576K
}
Event: 13.333 GC heap before
{Heap before GC invocations=9 (full 2):
 PSYoungGen      total 136192K, used 136161K [0x0000000795580000, 0x000000079f880000, 0x00000007c0000000)
  eden space 117248K, 100% used [0x0000000795580000,0x000000079c800000,0x000000079c800000)
  from space 18944K, 99% used [0x000000079df00000,0x000000079f1786a8,0x000000079f180000)
  to   space 23552K, 0% used [0x000000079c800000,0x000000079c800000,0x000000079df00000)
 ParOldGen       total 107520K, used 43140K [0x0000000740000000, 0x0000000746900000, 0x0000000795580000)
  object space 107520K, 40% used [0x0000000740000000,0x0000000742a21098,0x0000000746900000)
 Metaspace       used 24017K, capacity 25168K, committed 25472K, reserved 1071104K
  class space    used 3349K, capacity 3615K, committed 3712K, reserved 1048576K
Event: 13.369 GC heap after
Heap after GC invocations=9 (full 2):
 PSYoungGen      total 140800K, used 23531K [0x0000000795580000, 0x00000007a8400000, 0x00000007c0000000)
  eden space 117248K, 0% used [0x0000000795580000,0x0000000795580000,0x000000079c800000)
  from space 23552K, 99% used [0x000000079c800000,0x000000079defaee8,0x000000079df00000)
  to   space 43008K, 0% used [0x00000007a5a00000,0x00000007a5a00000,0x00000007a8400000)
 ParOldGen       total 107520K, used 72860K [0x0000000740000000, 0x0000000746900000, 0x0000000795580000)
  object space 107520K, 67% used [0x0000000740000000,0x0000000744727098,0x0000000746900000)
 Metaspace       used 24017K, capacity 25168K, committed 25472K, reserved 1071104K
  class space    used 3349K, capacity 3615K, committed 3712K, reserved 1048576K
}
Event: 13.529 GC heap before
{Heap before GC invocations=10 (full 2):
 PSYoungGen      total 140800K, used 140779K [0x0000000795580000, 0x00000007a8400000, 0x00000007c0000000)
  eden space 117248K, 100% used [0x0000000795580000,0x000000079c800000,0x000000079c800000)
  from space 23552K, 99% used [0x000000079c800000,0x000000079defaee8,0x000000079df00000)
  to   space 43008K, 0% used [0x00000007a5a00000,0x00000007a5a00000,0x00000007a8400000)
 ParOldGen       total 107520K, used 72860K [0x0000000740000000, 0x0000000746900000, 0x0000000795580000)
  object space 107520K, 67% used [0x0000000740000000,0x0000000744727098,0x0000000746900000)
 Metaspace       used 24019K, capacity 25168K, committed 25472K, reserved 1071104K
  class space    used 3350K, capacity 3615K, committed 3712K, reserved 1048576K
Event: 13.569 GC heap after
Heap after GC invocations=10 (full 2):
 PSYoungGen      total 251392K, used 42993K [0x0000000795580000, 0x00000007aa600000, 0x00000007c0000000)
  eden space 208384K, 0% used [0x0000000795580000,0x0000000795580000,0x00000007a2100000)
  from space 43008K, 99% used [0x00000007a5a00000,0x00000007a83fc650,0x00000007a8400000)
  to   space 58368K, 0% used [0x00000007a2100000,0x00000007a2100000,0x00000007a5a00000)
 ParOldGen       total 107520K, used 87868K [0x0000000740000000, 0x0000000746900000, 0x0000000795580000)
  object space 107520K, 81% used [0x0000000740000000,0x00000007455cf098,0x0000000746900000)
 Metaspace       used 24019K, capacity 25168K, committed 25472K, reserved 1071104K
  class space    used 3350K, capacity 3615K, committed 3712K, reserved 1048576K
}
Event: 13.570 GC heap before
{Heap before GC invocations=11 (full 3):
 PSYoungGen      total 251392K, used 42993K [0x0000000795580000, 0x00000007aa600000, 0x00000007c0000000)
  eden space 208384K, 0% used [0x0000000795580000,0x0000000795580000,0x00000007a2100000)
  from space 43008K, 99% used [0x00000007a5a00000,0x00000007a83fc650,0x00000007a8400000)
  to   space 58368K, 0% used [0x00000007a2100000,0x00000007a2100000,0x00000007a5a00000)
 ParOldGen       total 107520K, used 87868K [0x0000000740000000, 0x0000000746900000, 0x0000000795580000)
  object space 107520K, 81% used [0x0000000740000000,0x00000007455cf098,0x0000000746900000)
 Metaspace       used 24019K, capacity 25168K, committed 25472K, reserved 1071104K
  class space    used 3350K, capacity 3615K, committed 3712K, reserved 1048576K
Event: 13.914 GC heap after
Heap after GC invocations=11 (full 3):
 PSYoungGen      total 251392K, used 22439K [0x0000000795580000, 0x00000007aa600000, 0x00000007c0000000)
  eden space 208384K, 0% used [0x0000000795580000,0x0000000795580000,0x00000007a2100000)
  from space 43008K, 52% used [0x00000007a5a00000,0x00000007a6fe9e68,0x00000007a8400000)
  to   space 58368K, 0% used [0x00000007a2100000,0x00000007a2100000,0x00000007a5a00000)
 ParOldGen       total 195584K, used 107512K [0x0000000740000000, 0x000000074bf00000, 0x0000000795580000)
  object space 195584K, 54% used [0x0000000740000000,0x00000007468fe158,0x000000074bf00000)
 Metaspace       used 24019K, capacity 25168K, committed 25472K, reserved 1071104K
  class space    used 3350K, capacity 3615K, committed 3712K, reserved 1048576K
}

